<?xml version="1.0" encoding="UTF-8"?>
<!-- Generated by org.testng.reporters.JUnitReportReporter -->
<testsuite hostname="DESKTOP-TLJD9VP" failures="0" tests="2" name="com.mystore.testcases.myAccountTest" time="4.799" errors="0" timestamp="2025-09-16T03:28:09 IST" skipped="1">
  <testcase classname="com.mystore.testcases.myAccountTest" name="verifyLogin" time="4.799"/>
  <system-out/>
  <testcase classname="com.mystore.testcases.myAccountTest" name="verifyRegistrationAndLogin">
    <skipped/>
  </testcase> <!-- verifyRegistrationAndLogin -->
  <system-out/>
</testsuite> <!-- com.mystore.testcases.myAccountTest -->
